Command: /home/cqiu/work/prj/sim_prj/sim_fifo/runsim/run_vcs_vrd_nuvm_nip_nhls_wfast_rlow_fifo/simv -l run.log -assert filter+success -assert maxsuccess=3
Chronologic VCS simulator copyright 1991-2016
Contains Synopsys proprietary information.
Compiler version L-2016.06_Full64; Runtime version L-2016.06_Full64;  Feb  6 17:27 2020
*Verdi3* Loading libsscore_vcs201606.so
*Verdi3* : FSDB_GATE is set.
*Verdi3* : FSDB_RTL is set.
*Verdi3* : Enable Parallel Dumping.
FSDB Dumper for VCS, Release Verdi3_L-2016.06-1, Linux x86_64/64bit, 07/10/2016
(C) 1996 - 2016 by Synopsys, Inc.
*Verdi3* FSDB WARNING: The FSDB file already exists. Overwriting the FSDB file may crash the programs that are using this file.
*Verdi3* : Create FSDB file 'tb_dut_top.fsdb'
*Verdi3* : Begin traversing the scopes, layer (0).
*Verdi3* : End of traversing.
*Verdi3* : Dumping the MDA (tb_dut_top.u0_asyn_fifo.mem).
*Verdi3* : Begin traversing the SVA assertions, layer (0).
*Verdi3* : End of traversing the SVA assertions.
42 ::42---4d ::4d---42 ::42---02 ::02---00 ::00---00 ::00---00 ::00---00 ::00---00 ::00---00 ::00---42 ::42---00 ::00---00 ::00---00 ::00---28 ::28---00 ::00---
00 ::00---00 ::00---10 ::10---00 ::00---00 ::00---00 ::00---10 ::10---00 ::00---00 ::00---00 ::00---01 ::01---00 ::00---10 ::10---00 ::00---03 ::03---00 ::00---
00 ::00---00 ::00---00 ::00---02 ::02---00 ::00---00 ::00---00 ::00---00 ::00---00 ::00---00 ::00---00 ::00---00 ::00---00 ::00---00 ::00---00 ::00---00 ::00---
00 ::00---00 ::00---00 ::00---00 ::00---00 ::00---00 ::00---00 ::00---f8 ::f8---00 ::00---00 ::00---e0 ::e0---07 ::07---00 ::00---00 ::00---1f ::1f---00 ::00---
00 ::00---00 ::00---bmiHdr.biSize   =  40
bmfHdr.bfSize   = 578
bmfHdr.bfOffBits=  66
$finish called from file "/home/cqiu/work/prj/sim_prj/sim_fifo/tb/btc/vcs_vrd_nuvm_nip_nhls_wfast_rlow_fifo/tb_dut_top.sv", line 183.
$finish at simulation time                10595
           V C S   S i m u l a t i o n   R e p o r t 
Time: 10595
CPU Time:      0.230 seconds;       Data structure size:   0.0Mb
Thu Feb  6 17:27:23 2020
