make[3]: Entering directory '/home/cqiu/work/prj/sim_prj/sim_fifo/runsim/run_vcs_vrd_nuvm_nip_nhls_wfast_rlow_fifo'
vcs -full64 -cpp g++-4.8 -cc gcc-4.8 -LDFLAGS -Wl,--no-as-needed \
	-sverilog \
	-assert enable_diag \
	-debug_access+all \
	+define+ASSERT_ON+CONVER_ON \
    +incdir+/home/cqiu/work/prj/sim_prj/sim_fifo/tb \
    +incdir+/home/cqiu/work/prj/sim_prj/sim_fifo/tb/btc/vcs_vrd_nuvm_nip_nhls_wfast_rlow_fifo \
	+define+ASSERT_ON+CONVER_ON \
    +incdir+/opt/tool/synopsys/vcs_mx_vl201606/packages/sva \
    /home/cqiu/work/prj/sim_prj/sim_fifo/rtl/asyn_fifo.v /home/cqiu/work/prj/sim_prj/sim_fifo/tb/btc/vcs_vrd_nuvm_nip_nhls_wfast_rlow_fifo/beh_fifo.v /home/cqiu/work/prj/sim_prj/sim_fifo/tb/btc/vcs_vrd_nuvm_nip_nhls_wfast_rlow_fifo/tb_dut_top.sv  \
    -debug_all \
	-P /opt/tool/synopsys/verdi_vL_2016_06_1/share/PLI/VCS/LINUXAMD64/novas.tab \
    /opt/tool/synopsys/verdi_vL_2016_06_1/share/PLI/VCS/LINUXAMD64/pli.a \
	| tee vcs.log ; \
    /home/cqiu/work/prj/sim_prj/sim_fifo/runsim/run_vcs_vrd_nuvm_nip_nhls_wfast_rlow_fifo/simv -l run.log -assert filter+success -assert maxsuccess=3 ;

Warning-[DBGACC_DBG] Multiple debug options being used
  The debug switches '-debug_access' and '-debug_all' are being used together.
  For better performance, consider using only '-debug_access'.

*** Using c compiler gcc-4.8 instead of cc ...
                         Chronologic VCS (TM)
         Version L-2016.06_Full64 -- Thu Feb  6 17:26:20 2020
               Copyright (c) 1991-2016 by Synopsys Inc.
                         ALL RIGHTS RESERVED

This program is proprietary and confidential information of Synopsys Inc.
and may be used and disclosed only as authorized in a license agreement
controlling such use and disclosure.


Warning-[UFTMD] User function/task multiply defined
  The function/task '$fsdbDumpvars' has multiple definitions in PLI table(s).
  


Warning-[UFTMD] User function/task multiply defined
  The function/task '$fsdbDumpvarsES' has multiple definitions in PLI 
  table(s).
  


Warning-[UFTMD] User function/task multiply defined
  The function/task '$fsdbDumpMDA' has multiple definitions in PLI table(s).
  


Warning-[UFTMD] User function/task multiply defined
  The function/task '$fsdbDumpSVA' has multiple definitions in PLI table(s).
  


Warning-[UFTMD] User function/task multiply defined
  The function/task '$fsdbDumpvarsByFile' has multiple definitions in PLI 
  table(s).
  


Warning-[UFTMD] User function/task multiply defined
  The function/task '$fsdbSuppress' has multiple definitions in PLI table(s).
  


Warning-[UFTMD] User function/task multiply defined
  The function/task '$fsdbDumpon' has multiple definitions in PLI table(s).
  


Warning-[UFTMD] User function/task multiply defined
  The function/task '$fsdbDumpoff' has multiple definitions in PLI table(s).
  


Warning-[UFTMD] User function/task multiply defined
  The function/task '$fsdbSwitchDumpfile' has multiple definitions in PLI 
  table(s).
  


Warning-[UFTMD] User function/task multiply defined
  The function/task '$fsdbDumpfile' has multiple definitions in PLI table(s).
  


Warning-[UFTMD] User function/task multiply defined
  The function/task '$fsdbAutoSwitchDumpfile' has multiple definitions in PLI 
  table(s).
  


Warning-[UFTMD] User function/task multiply defined
  The function/task '$fsdbDumpFinish' has multiple definitions in PLI 
  table(s).
  


Warning-[UFTMD] User function/task multiply defined
  The function/task '$fsdbDumpflush' has multiple definitions in PLI table(s).
  


Warning-[UFTMD] User function/task multiply defined
  The function/task '$fsdbLog' has multiple definitions in PLI table(s).
  


Warning-[UFTMD] User function/task multiply defined
  The function/task '$fsdbAddRuntimeSignal' has multiple definitions in PLI 
  table(s).
  


Warning-[UFTMD] User function/task multiply defined
  The function/task '$fsdbDumpSC' has multiple definitions in PLI table(s).
  


Warning-[UFTMD] User function/task multiply defined
  The function/task '$fsdbDumpvarsToFile' has multiple definitions in PLI 
  table(s).
  


Warning-[UFTMD] User function/task multiply defined
  The function/task '$sps_create_transaction_stream' has multiple definitions 
  in PLI table(s).
  


Warning-[UFTMD] User function/task multiply defined
  The function/task '$sps_begin_transaction' has multiple definitions in PLI 
  table(s).
  


Warning-[UFTMD] User function/task multiply defined
  The function/task '$sps_end_transaction' has multiple definitions in PLI 
  table(s).
  


Warning-[UFTMD] User function/task multiply defined
  The function/task '$sps_free_transaction' has multiple definitions in PLI 
  table(s).
  


Warning-[UFTMD] User function/task multiply defined
  The function/task '$sps_add_attribute' has multiple definitions in PLI 
  table(s).
  


Warning-[UFTMD] User function/task multiply defined
  The function/task '$sps_update_label' has multiple definitions in PLI 
  table(s).
  


Warning-[UFTMD] User function/task multiply defined
  The function/task '$sps_add_relation' has multiple definitions in PLI 
  table(s).
  


Warning-[UFTMD] User function/task multiply defined
  The function/task '$fsdbWhatif' has multiple definitions in PLI table(s).
  


Warning-[UFTMD] User function/task multiply defined
  The function/task '$fsdbDumpClassMethod' has multiple definitions in PLI 
  table(s).
  


Warning-[UFTMD] User function/task multiply defined
  The function/task '$fsdbSuppressClassMethod' has multiple definitions in PLI
  table(s).
  


Warning-[UFTMD] User function/task multiply defined
  The function/task '$fsdbSuppressClassProp' has multiple definitions in PLI 
  table(s).
  


Warning-[UFTMD] User function/task multiply defined
  The function/task '$fsdbDumpMDAByFile' has multiple definitions in PLI 
  table(s).
  


Warning-[UFTMD] User function/task multiply defined
  The function/task '$fsdbTrans_create_stream_begin' has multiple definitions 
  in PLI table(s).
  


Warning-[UFTMD] User function/task multiply defined
  The function/task '$fsdbTrans_define_attribute' has multiple definitions in 
  PLI table(s).
  


Warning-[UFTMD] User function/task multiply defined
  The function/task '$fsdbTrans_create_stream_end' has multiple definitions in
  PLI table(s).
  


Warning-[UFTMD] User function/task multiply defined
  The function/task '$fsdbTrans_begin' has multiple definitions in PLI 
  table(s).
  


Warning-[UFTMD] User function/task multiply defined
  The function/task '$fsdbTrans_set_label' has multiple definitions in PLI 
  table(s).
  


Warning-[UFTMD] User function/task multiply defined
  The function/task '$fsdbTrans_add_attribute' has multiple definitions in PLI
  table(s).
  


Warning-[UFTMD] User function/task multiply defined
  The function/task '$fsdbTrans_add_tag' has multiple definitions in PLI 
  table(s).
  


Warning-[UFTMD] User function/task multiply defined
  The function/task '$fsdbTrans_end' has multiple definitions in PLI table(s).
  


Warning-[UFTMD] User function/task multiply defined
  The function/task '$fsdbTrans_add_relation' has multiple definitions in PLI 
  table(s).
  


Warning-[UFTMD] User function/task multiply defined
  The function/task '$fsdbTrans_get_error_code' has multiple definitions in 
  PLI table(s).
  


Warning-[UFTMD] User function/task multiply defined
  The function/task '$fsdbTrans_add_stream_attribute' has multiple definitions
  in PLI table(s).
  


Warning-[UFTMD] User function/task multiply defined
  The function/task '$fsdbTrans_add_scope_attribute' has multiple definitions 
  in PLI table(s).
  


Warning-[UFTMD] User function/task multiply defined
  The function/task '$sps_interactive' has multiple definitions in PLI 
  table(s).
  


Warning-[UFTMD] User function/task multiply defined
  The function/task '$sps_test' has multiple definitions in PLI table(s).
  


Warning-[UFTMD] User function/task multiply defined
  The function/task '$fsdbDumpClassObject' has multiple definitions in PLI 
  table(s).
  


Warning-[UFTMD] User function/task multiply defined
  The function/task '$fsdbDumpClassObjectByFile' has multiple definitions in 
  PLI table(s).
  


Warning-[UFTMD] User function/task multiply defined
  The function/task '$ridbDump' has multiple definitions in PLI table(s).
  


Warning-[UFTMD] User function/task multiply defined
  The function/task '$sps_flush_file' has multiple definitions in PLI 
  table(s).
  


Warning-[UFTMD] User function/task multiply defined
  The function/task '$fsdbDumpPSL' has multiple definitions in PLI table(s).
  


Warning-[UFTMD] User function/task multiply defined
  The function/task '$fsdbDisplay' has multiple definitions in PLI table(s).
  


Warning-[UFTMD] User function/task multiply defined
  The function/task '$fsdbDumplimit' has multiple definitions in PLI table(s).
  


Warning-[UFTMD] User function/task multiply defined
  The function/task '$fsdbDumpMem' has multiple definitions in PLI table(s).
  


Warning-[UFTMD] User function/task multiply defined
  The function/task '$fsdbDumpMemNow' has multiple definitions in PLI 
  table(s).
  


Warning-[UFTMD] User function/task multiply defined
  The function/task '$fsdbDumpMemInScope' has multiple definitions in PLI 
  table(s).
  


Warning-[UFTMD] User function/task multiply defined
  The function/task '$fsdbDumpMDANow' has multiple definitions in PLI 
  table(s).
  


Warning-[UFTMD] User function/task multiply defined
  The function/task '$fsdbDumpMDAOnChange' has multiple definitions in PLI 
  table(s).
  


Warning-[UFTMD] User function/task multiply defined
  The function/task '$fsdbDumpMDAInScope' has multiple definitions in PLI 
  table(s).
  


Warning-[UFTMD] User function/task multiply defined
  The function/task '$fsdbDumpMemInFile' has multiple definitions in PLI 
  table(s).
  


Warning-[UFTMD] User function/task multiply defined
  The function/task '$fsdbDumpPSLon' has multiple definitions in PLI table(s).
  


Warning-[UFTMD] User function/task multiply defined
  The function/task '$fsdbDumpPSLoff' has multiple definitions in PLI 
  table(s).
  


Warning-[UFTMD] User function/task multiply defined
  The function/task '$fsdbDumpSVAon' has multiple definitions in PLI table(s).
  


Warning-[UFTMD] User function/task multiply defined
  The function/task '$fsdbDumpSVAoff' has multiple definitions in PLI 
  table(s).
  


Warning-[UFTMD] User function/task multiply defined
  The function/task '$fsdbDumpStrength' has multiple definitions in PLI 
  table(s).
  


Warning-[UFTMD] User function/task multiply defined
  The function/task '$fsdbDumpSingle' has multiple definitions in PLI 
  table(s).
  


Warning-[UFTMD] User function/task multiply defined
  The function/task '$fsdbDumpIO' has multiple definitions in PLI table(s).
  


Warning-[UFTMD] User function/task multiply defined
  The function/task '$fsdbDumpPattern' has multiple definitions in PLI 
  table(s).
  


Warning-[UFTMD] User function/task multiply defined
  The function/task '$fsdbSubstituteHier' has multiple definitions in PLI 
  table(s).
  

Parsing design file '/home/cqiu/work/prj/sim_prj/sim_fifo/rtl/asyn_fifo.v'
Parsing design file '/home/cqiu/work/prj/sim_prj/sim_fifo/tb/btc/vcs_vrd_nuvm_nip_nhls_wfast_rlow_fifo/beh_fifo.v'
Parsing design file '/home/cqiu/work/prj/sim_prj/sim_fifo/tb/btc/vcs_vrd_nuvm_nip_nhls_wfast_rlow_fifo/tb_dut_top.sv'
Parsing included file '/home/cqiu/work/prj/sim_prj/sim_fifo/tb/sva/sva_check_result.sv'.
Back to file '/home/cqiu/work/prj/sim_prj/sim_fifo/tb/btc/vcs_vrd_nuvm_nip_nhls_wfast_rlow_fifo/tb_dut_top.sv'.
Parsing included file '/home/cqiu/work/prj/sim_prj/sim_fifo/tb/btc/vcs_vrd_nuvm_nip_nhls_wfast_rlow_fifo/wclk_and_wrst_tsk.svh'.
Back to file '/home/cqiu/work/prj/sim_prj/sim_fifo/tb/btc/vcs_vrd_nuvm_nip_nhls_wfast_rlow_fifo/tb_dut_top.sv'.
Parsing included file '/home/cqiu/work/prj/sim_prj/sim_fifo/tb/btc/vcs_vrd_nuvm_nip_nhls_wfast_rlow_fifo/rclk_and_rrst_tsk.svh'.
Back to file '/home/cqiu/work/prj/sim_prj/sim_fifo/tb/btc/vcs_vrd_nuvm_nip_nhls_wfast_rlow_fifo/tb_dut_top.sv'.
Top Level Modules:
       sva_check_result
       tb_dut_top
No TimeScale specified

Warning-[PCWM-W] Port connection width mismatch
/home/cqiu/work/prj/sim_prj/sim_fifo/tb/btc/vcs_vrd_nuvm_nip_nhls_wfast_rlow_fifo/tb_dut_top.sv, 100
"beh_fifo #(ASIZE, DSIZE) u0_golden_asyn_fifo( .wrst (wrst),  .wclk (wclk),  .winc (winc),  .wdata (wdata),  .wfull (wfull),  .rrst (rrst),  .rclk (rclk),  .rinc (rinc),  .rdata (rdata_golden),  .rempty (rempty_golden));"
  The following 8-bit expression is connected to 10-bit port "wdata" of module
  "beh_fifo", instance "u0_golden_asyn_fifo".
  Expression: wdata
  	use +lint=PCWM for more details


Warning-[PCWM-W] Port connection width mismatch
/home/cqiu/work/prj/sim_prj/sim_fifo/tb/btc/vcs_vrd_nuvm_nip_nhls_wfast_rlow_fifo/tb_dut_top.sv, 100
"beh_fifo #(ASIZE, DSIZE) u0_golden_asyn_fifo( .wrst (wrst),  .wclk (wclk),  .winc (winc),  .wdata (wdata),  .wfull (wfull),  .rrst (rrst),  .rclk (rclk),  .rinc (rinc),  .rdata (rdata_golden),  .rempty (rempty_golden));"
  The following 8-bit expression is connected to 10-bit port "rdata" of module
  "beh_fifo", instance "u0_golden_asyn_fifo".
  Expression: rdata_golden
  	use +lint=PCWM for more details

Notice: Ports coerced to inout, use -notice for details
Starting vcs inline pass...
3 unique modules to generate
3 modules and 0 UDP read. 
	However, due to incremental compilation, only 1 module needs to be compiled. 
recompiling module tb_dut_top
All of 1 modules done
make[4]: Entering directory '/home/cqiu/work/prj/sim_prj/sim_fifo/runsim/run_vcs_vrd_nuvm_nip_nhls_wfast_rlow_fifo/csrc'
make[4]: Leaving directory '/home/cqiu/work/prj/sim_prj/sim_fifo/runsim/run_vcs_vrd_nuvm_nip_nhls_wfast_rlow_fifo/csrc'
make[4]: Entering directory '/home/cqiu/work/prj/sim_prj/sim_fifo/runsim/run_vcs_vrd_nuvm_nip_nhls_wfast_rlow_fifo/csrc'
rm -f _csrc*.so pre_vcsobj_*.so share_vcsobj_*.so
ld -shared  -o .//../simv.daidir//_csrc0.so objs/amcQw_d.o 
rm -f _csrc0.so
if [ -x ../simv ]; then chmod -x ../simv; fi
g++-4.8  -o ../simv   -Wl,-rpath-link=./ -Wl,-rpath='$ORIGIN'/simv.daidir/ -Wl,-rpath=./simv.daidir/ -Wl,-rpath='$ORIGIN'/simv.daidir//scsim.db.dir  -Wl,--no-as-needed -rdynamic   amcQwB.o   _27836_archive_1.so _prev_archive_1.so _csrc0.so  SIM_l.o  _csrc0.so     rmapats_mop.o rmapats.o rmar.o  rmar_llvm_0_1.o rmar_llvm_0_0.o          /opt/tool/synopsys/vcs_mx_vl201606/linux64/lib/libzerosoft_rt_stubs.so /opt/tool/synopsys/vcs_mx_vl201606/linux64/lib/libvirsim.so /opt/tool/synopsys/vcs_mx_vl201606/linux64/lib/liberrorinf.so /opt/tool/synopsys/vcs_mx_vl201606/linux64/lib/libsnpsmalloc.so /opt/tool/synopsys/verdi_vL_2016_06_1/share/PLI/VCS/LINUXAMD64/pli.a    /opt/tool/synopsys/vcs_mx_vl201606/linux64/lib/libvcsnew.so /opt/tool/synopsys/vcs_mx_vl201606/linux64/lib/libsimprofile.so /opt/tool/synopsys/vcs_mx_vl201606/linux64/lib/libuclinative.so   -Wl,-whole-archive /opt/tool/synopsys/vcs_mx_vl201606/linux64/lib/libvcsucli.so -Wl,-no-whole-archive        _vcs_pli_stub_.o   /opt/tool/synopsys/vcs_mx_vl201606/linux64/lib/vcs_save_restore_new.o /opt/tool/synopsys/verdi_vL_2016_06_1/share/PLI/VCS/LINUX64/pli.a -ldl -lm  -lc -lpthread -ldl 
../simv up to date
make[4]: Leaving directory '/home/cqiu/work/prj/sim_prj/sim_fifo/runsim/run_vcs_vrd_nuvm_nip_nhls_wfast_rlow_fifo/csrc'
CPU time: .156 seconds to compile + .204 seconds to elab + .168 seconds to link

Note-[AFSO] Switch -assert filter is now obsolete
  Vacuous match reporting has been stopped by default.

Chronologic VCS simulator copyright 1991-2016
Contains Synopsys proprietary information.
Compiler version L-2016.06_Full64; Runtime version L-2016.06_Full64;  Feb  6 17:27 2020
*Verdi3* Loading libsscore_vcs201606.so
*Verdi3* : FSDB_GATE is set.
*Verdi3* : FSDB_RTL is set.
*Verdi3* : Enable Parallel Dumping.
FSDB Dumper for VCS, Release Verdi3_L-2016.06-1, Linux x86_64/64bit, 07/10/2016
(C) 1996 - 2016 by Synopsys, Inc.
*Verdi3* FSDB WARNING: The FSDB file already exists. Overwriting the FSDB file may crash the programs that are using this file.
*Verdi3* : Create FSDB file 'tb_dut_top.fsdb'
*Verdi3* : Begin traversing the scopes, layer (0).
*Verdi3* : End of traversing.
*Verdi3* : Dumping the MDA (tb_dut_top.u0_asyn_fifo.mem).
*Verdi3* : Begin traversing the SVA assertions, layer (0).
*Verdi3* : End of traversing the SVA assertions.
42 ::42---4d ::4d---42 ::42---02 ::02---00 ::00---00 ::00---00 ::00---00 ::00---00 ::00---00 ::00---42 ::42---00 ::00---00 ::00---00 ::00---28 ::28---00 ::00---
00 ::00---00 ::00---10 ::10---00 ::00---00 ::00---00 ::00---10 ::10---00 ::00---00 ::00---00 ::00---01 ::01---00 ::00---10 ::10---00 ::00---03 ::03---00 ::00---
00 ::00---00 ::00---00 ::00---02 ::02---00 ::00---00 ::00---00 ::00---00 ::00---00 ::00---00 ::00---00 ::00---00 ::00---00 ::00---00 ::00---00 ::00---00 ::00---
00 ::00---00 ::00---00 ::00---00 ::00---00 ::00---00 ::00---00 ::00---f8 ::f8---00 ::00---00 ::00---e0 ::e0---07 ::07---00 ::00---00 ::00---1f ::1f---00 ::00---
00 ::00---00 ::00---bmiHdr.biSize   =  40
bmfHdr.bfSize   = 578
bmfHdr.bfOffBits=  66
$finish called from file "/home/cqiu/work/prj/sim_prj/sim_fifo/tb/btc/vcs_vrd_nuvm_nip_nhls_wfast_rlow_fifo/tb_dut_top.sv", line 183.
$finish at simulation time                10595
           V C S   S i m u l a t i o n   R e p o r t 
Time: 10595
CPU Time:      0.230 seconds;       Data structure size:   0.0Mb
Thu Feb  6 17:27:23 2020
make[3]: Leaving directory '/home/cqiu/work/prj/sim_prj/sim_fifo/runsim/run_vcs_vrd_nuvm_nip_nhls_wfast_rlow_fifo'
